# JRE version: OpenJDK Runtime Environment Temurin-17.0.8.1+1 (17.0.8.1+1) (build 17.0.8.1+1)
# Java VM: OpenJDK 64-Bit Server VM Temurin-17.0.8.1+1 (17.0.8.1+1, mixed mode, emulated-client, tiered, compressed oops, compressed class ptrs, g1 gc, windows-amd64)
GC Precious Log:
 CPUs: 8 total, 8 available
 Memory: 20360M
 Large Page Support: Disabled
 NUMA Support: Disabled
 Compressed Oops: Enabled (32-bit)
 Heap Region Size: 1M
 Heap Min Capacity: 8M
 Heap Initial Capacity: 320M
 Heap Max Capacity: 1G
 Pre-touch: Disabled
 Parallel Workers: 8
 Concurrent Workers: 2
 Concurrent Refinement Workers: 8
 Periodic GC: Disabled
Heap:
 garbage-first heap   total 71680K, used 25487K [0x00000000c0000000, 0x0000000100000000)
  region size 1024K, 1 young (1024K), 0 survivors (0K)
 Metaspace       used 54541K, committed 55040K, reserved 1114112K
  class space    used 6940K, committed 7168K, reserved 1048576K
GC Heap History (20 events):
Event: 2567.301 GC heap before
{Heap before GC invocations=256 (full 243):
 garbage-first heap   total 71680K, used 25481K [0x00000000c0000000, 0x0000000100000000)
  region size 1024K, 1 young (1024K), 0 survivors (0K)
 Metaspace       used 54527K, committed 55040K, reserved 1114112K
  class space    used 6937K, committed 7168K, reserved 1048576K
}
Event: 2567.323 GC heap after
{Heap after GC invocations=257 (full 244):
 garbage-first heap   total 71680K, used 25481K [0x00000000c0000000, 0x0000000100000000)
  region size 1024K, 0 young (0K), 0 survivors (0K)
 Metaspace       used 54527K, committed 55040K, reserved 1114112K
  class space    used 6937K, committed 7168K, reserved 1048576K
}
Event: 2577.429 GC heap before
{Heap before GC invocations=257 (full 244):
 garbage-first heap   total 71680K, used 25481K [0x00000000c0000000, 0x0000000100000000)
  region size 1024K, 1 young (1024K), 0 survivors (0K)
 Metaspace       used 54527K, committed 55040K, reserved 1114112K
  class space    used 6937K, committed 7168K, reserved 1048576K
}
Event: 2577.450 GC heap after
{Heap after GC invocations=258 (full 245):
 garbage-first heap   total 71680K, used 25481K [0x00000000c0000000, 0x0000000100000000)
  region size 1024K, 0 young (0K), 0 survivors (0K)
 Metaspace       used 54527K, committed 55040K, reserved 1114112K
  class space    used 6937K, committed 7168K, reserved 1048576K
}
Event: 2587.617 GC heap before
{Heap before GC invocations=258 (full 245):
 garbage-first heap   total 71680K, used 25481K [0x00000000c0000000, 0x0000000100000000)
  region size 1024K, 1 young (1024K), 0 survivors (0K)
 Metaspace       used 54527K, committed 55040K, reserved 1114112K
  class space    used 6937K, committed 7168K, reserved 1048576K
}
Event: 2587.647 GC heap after
{Heap after GC invocations=259 (full 246):
 garbage-first heap   total 71680K, used 25481K [0x00000000c0000000, 0x0000000100000000)
  region size 1024K, 0 young (0K), 0 survivors (0K)
 Metaspace       used 54527K, committed 55040K, reserved 1114112K
  class space    used 6937K, committed 7168K, reserved 1048576K
}
Event: 2597.775 GC heap before
{Heap before GC invocations=259 (full 246):
 garbage-first heap   total 71680K, used 25481K [0x00000000c0000000, 0x0000000100000000)
  region size 1024K, 1 young (1024K), 0 survivors (0K)
 Metaspace       used 54527K, committed 55040K, reserved 1114112K
  class space    used 6937K, committed 7168K, reserved 1048576K
}
Event: 2597.805 GC heap after
{Heap after GC invocations=260 (full 247):
 garbage-first heap   total 71680K, used 25481K [0x00000000c0000000, 0x0000000100000000)
  region size 1024K, 0 young (0K), 0 survivors (0K)
 Metaspace       used 54527K, committed 55040K, reserved 1114112K
  class space    used 6937K, committed 7168K, reserved 1048576K
}
Event: 2607.893 GC heap before
{Heap before GC invocations=260 (full 247):
 garbage-first heap   total 71680K, used 25481K [0x00000000c0000000, 0x0000000100000000)
  region size 1024K, 1 young (1024K), 0 survivors (0K)
 Metaspace       used 54527K, committed 55040K, reserved 1114112K
  class space    used 6937K, committed 7168K, reserved 1048576K
}
Event: 2607.913 GC heap after
{Heap after GC invocations=261 (full 248):
 garbage-first heap   total 71680K, used 25473K [0x00000000c0000000, 0x0000000100000000)
  region size 1024K, 0 young (0K), 0 survivors (0K)
 Metaspace       used 54527K, committed 55040K, reserved 1114112K
  class space    used 6937K, committed 7168K, reserved 1048576K
}
Event: 2618.013 GC heap before
{Heap before GC invocations=261 (full 248):
 garbage-first heap   total 71680K, used 25473K [0x00000000c0000000, 0x0000000100000000)
  region size 1024K, 1 young (1024K), 0 survivors (0K)
 Metaspace       used 54527K, committed 55040K, reserved 1114112K
  class space    used 6937K, committed 7168K, reserved 1048576K
}
Event: 2618.036 GC heap after
{Heap after GC invocations=262 (full 249):
 garbage-first heap   total 71680K, used 25473K [0x00000000c0000000, 0x0000000100000000)
  region size 1024K, 0 young (0K), 0 survivors (0K)
 Metaspace       used 54527K, committed 55040K, reserved 1114112K
  class space    used 6937K, committed 7168K, reserved 1048576K
}
Event: 2628.150 GC heap before
{Heap before GC invocations=262 (full 249):
 garbage-first heap   total 71680K, used 25473K [0x00000000c0000000, 0x0000000100000000)
  region size 1024K, 1 young (1024K), 0 survivors (0K)
 Metaspace       used 54527K, committed 55040K, reserved 1114112K
  class space    used 6937K, committed 7168K, reserved 1048576K
}
Event: 2628.171 GC heap after
{Heap after GC invocations=263 (full 250):
 garbage-first heap   total 71680K, used 25473K [0x00000000c0000000, 0x0000000100000000)
  region size 1024K, 0 young (0K), 0 survivors (0K)
 Metaspace       used 54527K, committed 55040K, reserved 1114112K
  class space    used 6937K, committed 7168K, reserved 1048576K
}
Event: 2638.267 GC heap before
{Heap before GC invocations=263 (full 250):
 garbage-first heap   total 71680K, used 25473K [0x00000000c0000000, 0x0000000100000000)
  region size 1024K, 1 young (1024K), 0 survivors (0K)
 Metaspace       used 54527K, committed 55040K, reserved 1114112K
  class space    used 6937K, committed 7168K, reserved 1048576K
}
Event: 2638.290 GC heap after
{Heap after GC invocations=264 (full 251):
 garbage-first heap   total 71680K, used 25473K [0x00000000c0000000, 0x0000000100000000)
  region size 1024K, 0 young (0K), 0 survivors (0K)
 Metaspace       used 54527K, committed 55040K, reserved 1114112K
  class space    used 6937K, committed 7168K, reserved 1048576K
}
Event: 2658.418 GC heap before
{Heap before GC invocations=264 (full 251):
 garbage-first heap   total 71680K, used 25473K [0x00000000c0000000, 0x0000000100000000)
  region size 1024K, 1 young (1024K), 0 survivors (0K)
 Metaspace       used 54541K, committed 55040K, reserved 1114112K
  class space    used 6940K, committed 7168K, reserved 1048576K
}
Event: 2658.441 GC heap after
{Heap after GC invocations=265 (full 252):
 garbage-first heap   total 71680K, used 25487K [0x00000000c0000000, 0x0000000100000000)
  region size 1024K, 0 young (0K), 0 survivors (0K)
 Metaspace       used 54541K, committed 55040K, reserved 1114112K
  class space    used 6940K, committed 7168K, reserved 1048576K
}
Event: 2668.542 GC heap before
{Heap before GC invocations=265 (full 252):
 garbage-first heap   total 71680K, used 25487K [0x00000000c0000000, 0x0000000100000000)
  region size 1024K, 1 young (1024K), 0 survivors (0K)
 Metaspace       used 54541K, committed 55040K, reserved 1114112K
  class space    used 6940K, committed 7168K, reserved 1048576K
}
Event: 2668.564 GC heap after
{Heap after GC invocations=266 (full 253):
 garbage-first heap   total 71680K, used 25487K [0x00000000c0000000, 0x0000000100000000)
  region size 1024K, 0 young (0K), 0 survivors (0K)
 Metaspace       used 54541K, committed 55040K, reserved 1114112K
  class space    used 6940K, committed 7168K, reserved 1048576K
}

