# JRE version: OpenJDK Runtime Environment Temurin-17.0.8.1+1 (17.0.8.1+1) (build 17.0.8.1+1)
# Java VM: OpenJDK 64-Bit Server VM Temurin-17.0.8.1+1 (17.0.8.1+1, mixed mode, emulated-client, tiered, compressed oops, compressed class ptrs, g1 gc, windows-amd64)
GC Precious Log:
 CPUs: 8 total, 8 available
 Memory: 20360M
 Large Page Support: Disabled
 NUMA Support: Disabled
 Compressed Oops: Enabled (32-bit)
 Heap Region Size: 1M
 Heap Min Capacity: 8M
 Heap Initial Capacity: 320M
 Heap Max Capacity: 1G
 Pre-touch: Disabled
 Parallel Workers: 8
 Concurrent Workers: 2
 Concurrent Refinement Workers: 8
 Periodic GC: Disabled
Heap:
 garbage-first heap   total 75776K, used 22980K [0x00000000c0000000, 0x0000000100000000)
  region size 1024K, 1 young (1024K), 0 survivors (0K)
 Metaspace       used 54302K, committed 54976K, reserved 1114112K
  class space    used 6887K, committed 7168K, reserved 1048576K
GC Heap History (20 events):
Event: 44724.627 GC heap before
{Heap before GC invocations=4411 (full 4397):
 garbage-first heap   total 75776K, used 22979K [0x00000000c0000000, 0x0000000100000000)
  region size 1024K, 1 young (1024K), 0 survivors (0K)
 Metaspace       used 54302K, committed 54976K, reserved 1114112K
  class space    used 6887K, committed 7168K, reserved 1048576K
}
Event: 44724.652 GC heap after
{Heap after GC invocations=4412 (full 4398):
 garbage-first heap   total 75776K, used 22979K [0x00000000c0000000, 0x0000000100000000)
  region size 1024K, 0 young (0K), 0 survivors (0K)
 Metaspace       used 54302K, committed 54976K, reserved 1114112K
  class space    used 6887K, committed 7168K, reserved 1048576K
}
Event: 44734.773 GC heap before
{Heap before GC invocations=4412 (full 4398):
 garbage-first heap   total 75776K, used 22979K [0x00000000c0000000, 0x0000000100000000)
  region size 1024K, 1 young (1024K), 0 survivors (0K)
 Metaspace       used 54302K, committed 54976K, reserved 1114112K
  class space    used 6887K, committed 7168K, reserved 1048576K
}
Event: 44734.797 GC heap after
{Heap after GC invocations=4413 (full 4399):
 garbage-first heap   total 75776K, used 22979K [0x00000000c0000000, 0x0000000100000000)
  region size 1024K, 0 young (0K), 0 survivors (0K)
 Metaspace       used 54302K, committed 54976K, reserved 1114112K
  class space    used 6887K, committed 7168K, reserved 1048576K
}
Event: 44744.932 GC heap before
{Heap before GC invocations=4413 (full 4399):
 garbage-first heap   total 75776K, used 22979K [0x00000000c0000000, 0x0000000100000000)
  region size 1024K, 1 young (1024K), 0 survivors (0K)
 Metaspace       used 54302K, committed 54976K, reserved 1114112K
  class space    used 6887K, committed 7168K, reserved 1048576K
}
Event: 44744.956 GC heap after
{Heap after GC invocations=4414 (full 4400):
 garbage-first heap   total 75776K, used 22979K [0x00000000c0000000, 0x0000000100000000)
  region size 1024K, 0 young (0K), 0 survivors (0K)
 Metaspace       used 54302K, committed 54976K, reserved 1114112K
  class space    used 6887K, committed 7168K, reserved 1048576K
}
Event: 44755.067 GC heap before
{Heap before GC invocations=4414 (full 4400):
 garbage-first heap   total 75776K, used 22979K [0x00000000c0000000, 0x0000000100000000)
  region size 1024K, 1 young (1024K), 0 survivors (0K)
 Metaspace       used 54302K, committed 54976K, reserved 1114112K
  class space    used 6887K, committed 7168K, reserved 1048576K
}
Event: 44755.095 GC heap after
{Heap after GC invocations=4415 (full 4401):
 garbage-first heap   total 75776K, used 22979K [0x00000000c0000000, 0x0000000100000000)
  region size 1024K, 0 young (0K), 0 survivors (0K)
 Metaspace       used 54302K, committed 54976K, reserved 1114112K
  class space    used 6887K, committed 7168K, reserved 1048576K
}
Event: 44765.155 GC heap before
{Heap before GC invocations=4415 (full 4401):
 garbage-first heap   total 75776K, used 22979K [0x00000000c0000000, 0x0000000100000000)
  region size 1024K, 1 young (1024K), 0 survivors (0K)
 Metaspace       used 54302K, committed 54976K, reserved 1114112K
  class space    used 6887K, committed 7168K, reserved 1048576K
}
Event: 44765.178 GC heap after
{Heap after GC invocations=4416 (full 4402):
 garbage-first heap   total 75776K, used 22980K [0x00000000c0000000, 0x0000000100000000)
  region size 1024K, 0 young (0K), 0 survivors (0K)
 Metaspace       used 54302K, committed 54976K, reserved 1114112K
  class space    used 6887K, committed 7168K, reserved 1048576K
}
Event: 44775.284 GC heap before
{Heap before GC invocations=4416 (full 4402):
 garbage-first heap   total 75776K, used 22980K [0x00000000c0000000, 0x0000000100000000)
  region size 1024K, 1 young (1024K), 0 survivors (0K)
 Metaspace       used 54302K, committed 54976K, reserved 1114112K
  class space    used 6887K, committed 7168K, reserved 1048576K
}
Event: 44775.314 GC heap after
{Heap after GC invocations=4417 (full 4403):
 garbage-first heap   total 75776K, used 22980K [0x00000000c0000000, 0x0000000100000000)
  region size 1024K, 0 young (0K), 0 survivors (0K)
 Metaspace       used 54302K, committed 54976K, reserved 1114112K
  class space    used 6887K, committed 7168K, reserved 1048576K
}
Event: 44785.437 GC heap before
{Heap before GC invocations=4417 (full 4403):
 garbage-first heap   total 75776K, used 22980K [0x00000000c0000000, 0x0000000100000000)
  region size 1024K, 1 young (1024K), 0 survivors (0K)
 Metaspace       used 54302K, committed 54976K, reserved 1114112K
  class space    used 6887K, committed 7168K, reserved 1048576K
}
Event: 44785.462 GC heap after
{Heap after GC invocations=4418 (full 4404):
 garbage-first heap   total 75776K, used 22980K [0x00000000c0000000, 0x0000000100000000)
  region size 1024K, 0 young (0K), 0 survivors (0K)
 Metaspace       used 54302K, committed 54976K, reserved 1114112K
  class space    used 6887K, committed 7168K, reserved 1048576K
}
Event: 44795.569 GC heap before
{Heap before GC invocations=4418 (full 4404):
 garbage-first heap   total 75776K, used 22980K [0x00000000c0000000, 0x0000000100000000)
  region size 1024K, 1 young (1024K), 0 survivors (0K)
 Metaspace       used 54302K, committed 54976K, reserved 1114112K
  class space    used 6887K, committed 7168K, reserved 1048576K
}
Event: 44795.597 GC heap after
{Heap after GC invocations=4419 (full 4405):
 garbage-first heap   total 75776K, used 22980K [0x00000000c0000000, 0x0000000100000000)
  region size 1024K, 0 young (0K), 0 survivors (0K)
 Metaspace       used 54302K, committed 54976K, reserved 1114112K
  class space    used 6887K, committed 7168K, reserved 1048576K
}
Event: 44805.717 GC heap before
{Heap before GC invocations=4419 (full 4405):
 garbage-first heap   total 75776K, used 22980K [0x00000000c0000000, 0x0000000100000000)
  region size 1024K, 1 young (1024K), 0 survivors (0K)
 Metaspace       used 54302K, committed 54976K, reserved 1114112K
  class space    used 6887K, committed 7168K, reserved 1048576K
}
Event: 44805.742 GC heap after
{Heap after GC invocations=4420 (full 4406):
 garbage-first heap   total 75776K, used 22980K [0x00000000c0000000, 0x0000000100000000)
  region size 1024K, 0 young (0K), 0 survivors (0K)
 Metaspace       used 54302K, committed 54976K, reserved 1114112K
  class space    used 6887K, committed 7168K, reserved 1048576K
}
Event: 44815.860 GC heap before
{Heap before GC invocations=4420 (full 4406):
 garbage-first heap   total 75776K, used 22980K [0x00000000c0000000, 0x0000000100000000)
  region size 1024K, 1 young (1024K), 0 survivors (0K)
 Metaspace       used 54302K, committed 54976K, reserved 1114112K
  class space    used 6887K, committed 7168K, reserved 1048576K
}
Event: 44815.885 GC heap after
{Heap after GC invocations=4421 (full 4407):
 garbage-first heap   total 75776K, used 22980K [0x00000000c0000000, 0x0000000100000000)
  region size 1024K, 0 young (0K), 0 survivors (0K)
 Metaspace       used 54302K, committed 54976K, reserved 1114112K
  class space    used 6887K, committed 7168K, reserved 1048576K
}

